[debug] [2021-02-22T07:43:07.785Z] ----------------------------------------------------------------------
[debug] [2021-02-22T07:43:07.787Z] Command:       C:\Program Files\nodejs\node.exe C:\Users\shali\AppData\Roaming\npm\node_modules\firebase-tools\lib\bin\firebase.js init
[debug] [2021-02-22T07:43:07.788Z] CLI Version:   9.4.0
[debug] [2021-02-22T07:43:07.788Z] Platform:      win32
[debug] [2021-02-22T07:43:07.788Z] Node Version:  v14.15.4
[debug] [2021-02-22T07:43:07.788Z] Time:          Mon Feb 22 2021 13:13:07 GMT+0530 (India Standard Time)
[debug] [2021-02-22T07:43:07.788Z] ----------------------------------------------------------------------
[debug] [2021-02-22T07:43:07.789Z] 
[debug] [2021-02-22T07:43:07.794Z] > command requires scopes: ["email","openid","https://www.googleapis.com/auth/cloudplatformprojects.readonly","https://www.googleapis.com/auth/firebase","https://www.googleapis.com/auth/cloud-platform"]
[debug] [2021-02-22T07:43:07.794Z] > authorizing via signed-in user
[info] 
     ######## #### ########  ######## ########     ###     ######  ########
     ##        ##  ##     ## ##       ##     ##  ##   ##  ##       ##
     ######    ##  ########  ######   ########  #########  ######  ######
     ##        ##  ##    ##  ##       ##     ## ##     ##       ## ##
     ##       #### ##     ## ######## ########  ##     ##  ######  ########

You're about to initialize a Firebase project in this directory:

  E:\react-training\reactbasics

Before we get started, keep in mind:

  * You are initializing in an existing Firebase project directory

[info] 
=== Project Setup
[info] 
[info] First, let's associate this project directory with a Firebase project.
[info] You can create multiple project aliases by running firebase use --add, 
[info] but for now we'll just set up a default project.
[info] 
[info] i  .firebaserc already has a default project, using assignment-shal. 
[debug] [2021-02-22T07:43:18.915Z] > refreshing access token with scopes: []
[debug] [2021-02-22T07:43:18.916Z] >>> HTTP REQUEST POST https://www.googleapis.com/oauth2/v3/token  
 <request body omitted>
[debug] [2021-02-22T07:43:20.305Z] <<< HTTP RESPONSE 200 {"pragma":"no-cache","date":"Mon, 22 Feb 2021 07:43:20 GMT","expires":"Mon, 01 Jan 1990 00:00:00 GMT","cache-control":"no-cache, no-store, max-age=0, must-revalidate","content-type":"application/json; charset=utf-8","vary":"X-Origin, Referer, Origin,Accept-Encoding","server":"scaffolding on HTTPServer2","x-xss-protection":"0","x-frame-options":"SAMEORIGIN","x-content-type-options":"nosniff","alt-svc":"h3-29=\":443\"; ma=2592000,h3-T051=\":443\"; ma=2592000,h3-Q050=\":443\"; ma=2592000,h3-Q046=\":443\"; ma=2592000,h3-Q043=\":443\"; ma=2592000,quic=\":443\"; ma=2592000; v=\"46,43\"","accept-ranges":"none","transfer-encoding":"chunked"}
[debug] [2021-02-22T07:43:20.345Z] >>> [apiv2][query] GET https://firebase.googleapis.com/v1beta1/projects/assignment-shal [none]
[debug] [2021-02-22T07:43:20.833Z] <<< [apiv2][status] GET https://firebase.googleapis.com/v1beta1/projects/assignment-shal 200
[debug] [2021-02-22T07:43:20.833Z] <<< [apiv2][body] GET https://firebase.googleapis.com/v1beta1/projects/assignment-shal {"projectId":"assignment-shal","projectNumber":"391012048293","displayName":"assignment-shal","name":"projects/assignment-shal","resources":{"hostingSite":"assignment-shal"},"state":"ACTIVE"}
[info] 
=== Hosting Setup
[info] 
[info] Your public directory is the folder (relative to your project directory) that
[info] will contain Hosting assets to be uploaded with firebase deploy. If you
[info] have a build process for your assets, use your build's output directory.
[info] 
[debug] [2021-02-22T07:48:45.026Z] ----------------------------------------------------------------------
[debug] [2021-02-22T07:48:45.028Z] Command:       C:\Program Files\nodejs\node.exe C:\Users\shali\AppData\Roaming\npm\node_modules\firebase-tools\lib\bin\firebase.js init
[debug] [2021-02-22T07:48:45.029Z] CLI Version:   9.4.0
[debug] [2021-02-22T07:48:45.029Z] Platform:      win32
[debug] [2021-02-22T07:48:45.029Z] Node Version:  v14.15.4
[debug] [2021-02-22T07:48:45.029Z] Time:          Mon Feb 22 2021 13:18:45 GMT+0530 (India Standard Time)
[debug] [2021-02-22T07:48:45.029Z] ----------------------------------------------------------------------
[debug] [2021-02-22T07:48:45.029Z] 
[debug] [2021-02-22T07:48:45.035Z] > command requires scopes: ["email","openid","https://www.googleapis.com/auth/cloudplatformprojects.readonly","https://www.googleapis.com/auth/firebase","https://www.googleapis.com/auth/cloud-platform"]
[debug] [2021-02-22T07:48:45.035Z] > authorizing via signed-in user
[info] 
     ######## #### ########  ######## ########     ###     ######  ########
     ##        ##  ##     ## ##       ##     ##  ##   ##  ##       ##
     ######    ##  ########  ######   ########  #########  ######  ######
     ##        ##  ##    ##  ##       ##     ## ##     ##       ## ##
     ##       #### ##     ## ######## ########  ##     ##  ######  ########

You're about to initialize a Firebase project in this directory:

  E:\react-training\reactbasics

Before we get started, keep in mind:

  * You are initializing in an existing Firebase project directory

[info] 
=== Project Setup
[info] 
[info] First, let's associate this project directory with a Firebase project.
[info] You can create multiple project aliases by running firebase use --add, 
[info] but for now we'll just set up a default project.
[info] 
[info] i  .firebaserc already has a default project, using assignment-shal. 
[debug] [2021-02-22T07:49:06.952Z] >>> [apiv2][query] GET https://firebase.googleapis.com/v1beta1/projects/assignment-shal [none]
[debug] [2021-02-22T07:49:10.947Z] <<< [apiv2][status] GET https://firebase.googleapis.com/v1beta1/projects/assignment-shal 200
[debug] [2021-02-22T07:49:10.948Z] <<< [apiv2][body] GET https://firebase.googleapis.com/v1beta1/projects/assignment-shal {"projectId":"assignment-shal","projectNumber":"391012048293","displayName":"assignment-shal","name":"projects/assignment-shal","resources":{"hostingSite":"assignment-shal"},"state":"ACTIVE"}
[info] 
=== Hosting Setup
[info] 
[info] Your public directory is the folder (relative to your project directory) that
[info] will contain Hosting assets to be uploaded with firebase deploy. If you
[info] have a build process for your assets, use your build's output directory.
[info] 
